-------------------------------------------------------------------------------
Test set: TestSuite
-------------------------------------------------------------------------------
Tests run: 3, Failures: 1, Errors: 0, Skipped: 0, Time elapsed: 26.471 s <<< FAILURE! - in TestSuite
com.actitime.testscripts.CreateProject.testCreateProject  Time elapsed: 2.831 s  <<< FAILURE!
java.lang.AssertionError: expected [true] but found [false]
	at com.actitime.testscripts.CreateProject.testCreateProject(CreateProject.java:36)

