<?xml version="1.0" encoding="UTF-8"?>
<testng-results skipped="0" failed="1" ignored="4" total="7" passed="2">
  <reporter-output>
  </reporter-output>
  <suite name="Suite" duration-ms="22217" started-at="2020-01-29T10:56:14 IST" finished-at="2020-01-29T10:56:36 IST">
    <groups>
    </groups>
    <test name="Test" duration-ms="22217" started-at="2020-01-29T10:56:14 IST" finished-at="2020-01-29T10:56:36 IST">
      <class name="com.actitime.testscripts.CreateProject">
        <test-method status="PASS" signature="login()[pri:0, instance:com.actitime.testscripts.CreateProject@3e9b1010]" name="login" is-config="true" duration-ms="312" started-at="2020-01-29T10:56:29 IST" finished-at="2020-01-29T10:56:30 IST">
          <reporter-output>
          </reporter-output>
        </test-method> <!-- login -->
        <test-method status="FAIL" signature="testCreateProject()[pri:0, instance:com.actitime.testscripts.CreateProject@3e9b1010]" name="testCreateProject" duration-ms="2707" started-at="2020-01-29T10:56:30 IST" finished-at="2020-01-29T10:56:32 IST">
          <exception class="java.lang.AssertionError">
            <message>
              <![CDATA[expected [true] but found [false]]]>
            </message>
            <full-stacktrace>
              <![CDATA[java.lang.AssertionError: expected [true] but found [false]
at org.testng.Assert.fail(Assert.java:97)
at org.testng.Assert.failNotEquals(Assert.java:969)
at org.testng.Assert.assertTrue(Assert.java:43)
at org.testng.Assert.assertTrue(Assert.java:53)
at com.actitime.testscripts.CreateProject.testCreateProject(CreateProject.java:36)
at sun.reflect.NativeMethodAccessorImpl.invoke0(Native Method)
at sun.reflect.NativeMethodAccessorImpl.invoke(NativeMethodAccessorImpl.java:62)
at sun.reflect.DelegatingMethodAccessorImpl.invoke(DelegatingMethodAccessorImpl.java:43)
at java.lang.reflect.Method.invoke(Method.java:498)
at org.testng.internal.MethodInvocationHelper.invokeMethod(MethodInvocationHelper.java:134)
at org.testng.internal.TestInvoker.invokeMethod(TestInvoker.java:597)
at org.testng.internal.TestInvoker.invokeTestMethod(TestInvoker.java:173)
at org.testng.internal.MethodRunner.runInSequence(MethodRunner.java:46)
at org.testng.internal.TestInvoker$MethodInvocationAgent.invoke(TestInvoker.java:816)
at org.testng.internal.TestInvoker.invokeTestMethods(TestInvoker.java:146)
at org.testng.internal.TestMethodWorker.invokeTestMethods(TestMethodWorker.java:146)
at org.testng.internal.TestMethodWorker.run(TestMethodWorker.java:128)
at java.util.ArrayList.forEach(ArrayList.java:1257)
at org.testng.TestRunner.privateRun(TestRunner.java:766)
at org.testng.TestRunner.run(TestRunner.java:587)
at org.testng.SuiteRunner.runTest(SuiteRunner.java:384)
at org.testng.SuiteRunner.runSequentially(SuiteRunner.java:378)
at org.testng.SuiteRunner.privateRun(SuiteRunner.java:337)
at org.testng.SuiteRunner.run(SuiteRunner.java:286)
at org.testng.SuiteRunnerWorker.runSuite(SuiteRunnerWorker.java:53)
at org.testng.SuiteRunnerWorker.run(SuiteRunnerWorker.java:96)
at org.testng.TestNG.runSuitesSequentially(TestNG.java:1187)
at org.testng.TestNG.runSuitesLocally(TestNG.java:1109)
at org.testng.TestNG.runSuites(TestNG.java:1039)
at org.testng.TestNG.run(TestNG.java:1007)
at org.apache.maven.surefire.testng.TestNGExecutor.run(TestNGExecutor.java:283)
at org.apache.maven.surefire.testng.TestNGXmlTestSuite.execute(TestNGXmlTestSuite.java:75)
at org.apache.maven.surefire.testng.TestNGProvider.invoke(TestNGProvider.java:120)
at org.apache.maven.surefire.booter.ForkedBooter.runSuitesInProcess(ForkedBooter.java:377)
at org.apache.maven.surefire.booter.ForkedBooter.execute(ForkedBooter.java:138)
at org.apache.maven.surefire.booter.ForkedBooter.run(ForkedBooter.java:465)
at org.apache.maven.surefire.booter.ForkedBooter.main(ForkedBooter.java:451)
]]>
            </full-stacktrace>
          </exception> <!-- java.lang.AssertionError -->
          <reporter-output>
          </reporter-output>
        </test-method> <!-- testCreateProject -->
        <test-method status="PASS" signature="logout()[pri:0, instance:com.actitime.testscripts.CreateProject@3e9b1010]" name="logout" is-config="true" duration-ms="257" started-at="2020-01-29T10:56:33 IST" finished-at="2020-01-29T10:56:33 IST">
          <reporter-output>
          </reporter-output>
        </test-method> <!-- logout -->
      </class> <!-- com.actitime.testscripts.CreateProject -->
      <class name="com.actitime.testscripts.CreateCustomer">
        <test-method status="PASS" signature="openBrowser()[pri:0, instance:com.actitime.testscripts.CreateCustomer@18eed359]" name="openBrowser" is-config="true" duration-ms="6273" started-at="2020-01-29T10:56:15 IST" finished-at="2020-01-29T10:56:21 IST">
          <reporter-output>
          </reporter-output>
        </test-method> <!-- openBrowser -->
        <test-method status="PASS" signature="login()[pri:0, instance:com.actitime.testscripts.CreateCustomer@18eed359]" name="login" is-config="true" duration-ms="397" started-at="2020-01-29T10:56:21 IST" finished-at="2020-01-29T10:56:21 IST">
          <reporter-output>
          </reporter-output>
        </test-method> <!-- login -->
        <test-method status="PASS" signature="testCreateCustomer()[pri:0, instance:com.actitime.testscripts.CreateCustomer@18eed359]" name="testCreateCustomer" duration-ms="7547" started-at="2020-01-29T10:56:21 IST" finished-at="2020-01-29T10:56:29 IST">
          <reporter-output>
          </reporter-output>
        </test-method> <!-- testCreateCustomer -->
        <test-method status="PASS" signature="logout()[pri:0, instance:com.actitime.testscripts.CreateCustomer@18eed359]" name="logout" is-config="true" duration-ms="254" started-at="2020-01-29T10:56:29 IST" finished-at="2020-01-29T10:56:29 IST">
          <reporter-output>
          </reporter-output>
        </test-method> <!-- logout -->
        <test-method status="PASS" signature="closeBrowser()[pri:0, instance:com.actitime.testscripts.CreateCustomer@18eed359]" name="closeBrowser" is-config="true" duration-ms="65" started-at="2020-01-29T10:56:36 IST" finished-at="2020-01-29T10:56:36 IST">
          <reporter-output>
          </reporter-output>
        </test-method> <!-- closeBrowser -->
      </class> <!-- com.actitime.testscripts.CreateCustomer -->
      <class name="com.actitime.testscripts.CreateBill">
        <test-method status="PASS" signature="login()[pri:0, instance:com.actitime.testscripts.CreateBill@6c3708b3]" name="login" is-config="true" duration-ms="226" started-at="2020-01-29T10:56:33 IST" finished-at="2020-01-29T10:56:34 IST">
          <reporter-output>
          </reporter-output>
        </test-method> <!-- login -->
        <test-method status="PASS" signature="testCreateBill()[pri:0, instance:com.actitime.testscripts.CreateBill@6c3708b3]" name="testCreateBill" duration-ms="2525" started-at="2020-01-29T10:56:34 IST" finished-at="2020-01-29T10:56:36 IST">
          <reporter-output>
          </reporter-output>
        </test-method> <!-- testCreateBill -->
        <test-method status="PASS" signature="logout()[pri:0, instance:com.actitime.testscripts.CreateBill@6c3708b3]" name="logout" is-config="true" duration-ms="164" started-at="2020-01-29T10:56:36 IST" finished-at="2020-01-29T10:56:36 IST">
          <reporter-output>
          </reporter-output>
        </test-method> <!-- logout -->
      </class> <!-- com.actitime.testscripts.CreateBill -->
    </test> <!-- Test -->
  </suite> <!-- Suite -->
</testng-results>
