<?xml version="1.0" encoding="UTF-8"?>
<testng-results skipped="0" failed="0" ignored="0" total="1" passed="1">
  <reporter-output>
  </reporter-output>
  <suite name="Default suite" duration-ms="25467" started-at="2020-01-29T10:38:09 IST" finished-at="2020-01-29T10:38:34 IST">
    <groups>
    </groups>
    <test name="Default test" duration-ms="25467" started-at="2020-01-29T10:38:09 IST" finished-at="2020-01-29T10:38:34 IST">
      <class name="com.actitime.testscripts.CreateBill">
        <test-method status="PASS" signature="openBrowser()[pri:0, instance:com.actitime.testscripts.CreateBill@e320068]" name="openBrowser" is-config="true" duration-ms="11762" started-at="2020-01-29T10:38:09 IST" finished-at="2020-01-29T10:38:21 IST">
          <reporter-output>
          </reporter-output>
        </test-method> <!-- openBrowser -->
        <test-method status="PASS" signature="login()[pri:0, instance:com.actitime.testscripts.CreateBill@e320068]" name="login" is-config="true" duration-ms="541" started-at="2020-01-29T10:38:21 IST" finished-at="2020-01-29T10:38:21 IST">
          <reporter-output>
          </reporter-output>
        </test-method> <!-- login -->
        <test-method status="PASS" signature="testCreateBill()[pri:0, instance:com.actitime.testscripts.CreateBill@e320068]" name="testCreateBill" duration-ms="12475" started-at="2020-01-29T10:38:21 IST" finished-at="2020-01-29T10:38:34 IST">
          <reporter-output>
          </reporter-output>
        </test-method> <!-- testCreateBill -->
        <test-method status="PASS" signature="logout()[pri:0, instance:com.actitime.testscripts.CreateBill@e320068]" name="logout" is-config="true" duration-ms="243" started-at="2020-01-29T10:38:34 IST" finished-at="2020-01-29T10:38:34 IST">
          <reporter-output>
          </reporter-output>
        </test-method> <!-- logout -->
        <test-method status="PASS" signature="closeBrowser()[pri:0, instance:com.actitime.testscripts.CreateBill@e320068]" name="closeBrowser" is-config="true" duration-ms="363" started-at="2020-01-29T10:38:34 IST" finished-at="2020-01-29T10:38:34 IST">
          <reporter-output>
          </reporter-output>
        </test-method> <!-- closeBrowser -->
      </class> <!-- com.actitime.testscripts.CreateBill -->
    </test> <!-- Default test -->
  </suite> <!-- Default suite -->
</testng-results>
